HTTP Code: 200
Response: {"pidx":"admzxe4sdTYGRwVoZB9gN8","total_amount":125000,"status":"Completed","transaction_id":"Xek5dgaKmNiWoyNrWf7fyP","fee":0,"refunded":false}
cURL Error: 
HTTP Code: 200
Response: {"pidx":"xnneG7VHR565xf8hXotoYW","total_amount":80000,"status":"Completed","transaction_id":"vAJ7iC8vtZituSSTZFsHdM","fee":2400,"refunded":false}
cURL Error: 
HTTP Code: 200
Response: {"pidx":"RzxVCQPuG2N8oM5KP6Y2qd","total_amount":45000,"status":"Completed","transaction_id":"qcnzo6QesdQuHEdDDPbvGS","fee":1350,"refunded":false}
cURL Error: 
HTTP Code: 200
Response: {"pidx":"RG5nEQTGK7fqVKPAKt3ZEX","total_amount":15000,"status":"Completed","transaction_id":"ADc9vvvATCEmKc3mPjmMmE","fee":450,"refunded":false}
cURL Error: 
HTTP Code: 200
Response: {"pidx":"RG5nEQTGK7fqVKPAKt3ZEX","total_amount":15000,"status":"Completed","transaction_id":"ADc9vvvATCEmKc3mPjmMmE","fee":450,"refunded":false}
cURL Error: 
HTTP Code: 200
Response: {"pidx":"HHUivWfDNxYtddbLEvwubL","total_amount":20000,"status":"Completed","transaction_id":"XnExoUYikU5ptVxjeno9i3","fee":600,"refunded":false}
cURL Error: 
HTTP Code: 200
Response: {"pidx":"HHUivWfDNxYtddbLEvwubL","total_amount":20000,"status":"Completed","transaction_id":"XnExoUYikU5ptVxjeno9i3","fee":600,"refunded":false}
cURL Error: 
HTTP Code: 200
Response: {"pidx":"hYXK5Go4WQAd3r74JqaSHk","total_amount":265000,"status":"Completed","transaction_id":"om7tCaUmvUbGFe8K9HcMaY","fee":0,"refunded":false}
cURL Error: 
HTTP Code: 200
Response: {"pidx":"hYXK5Go4WQAd3r74JqaSHk","total_amount":265000,"status":"Completed","transaction_id":"om7tCaUmvUbGFe8K9HcMaY","fee":0,"refunded":false}
cURL Error: 
HTTP Code: 200
Response: {"pidx":"hYXK5Go4WQAd3r74JqaSHk","total_amount":265000,"status":"Completed","transaction_id":"om7tCaUmvUbGFe8K9HcMaY","fee":0,"refunded":false}
cURL Error: 
HTTP Code: 200
Response: {"pidx":"hYXK5Go4WQAd3r74JqaSHk","total_amount":265000,"status":"Completed","transaction_id":"om7tCaUmvUbGFe8K9HcMaY","fee":0,"refunded":false}
cURL Error: 
HTTP Code: 200
Response: {"pidx":"Efxu3ZGc6viRe3FeohePMN","total_amount":45000,"status":"Completed","transaction_id":"WFDEJTfaCYiAWDAFL5oBqC","fee":1350,"refunded":false}
cURL Error: 
HTTP Code: 200
Response: {"pidx":"jNV3aBMGESpJ2g2DzyMFeK","total_amount":55000,"status":"Completed","transaction_id":"jCuJqJQKN9nYTgknyaDccd","fee":1650,"refunded":false}
cURL Error: 
HTTP Code: 200
Response: {"pidx":"VgMFAq3g9UpD7mjxJxhk23","total_amount":15000,"status":"Completed","transaction_id":"EcgdCAnmhaxuvk2ibndD38","fee":450,"refunded":false}
cURL Error: 
HTTP Code: 200
Response: {"pidx":"VgMFAq3g9UpD7mjxJxhk23","total_amount":15000,"status":"Completed","transaction_id":"EcgdCAnmhaxuvk2ibndD38","fee":450,"refunded":false}
cURL Error: 
HTTP Code: 200
Response: {"pidx":"VgMFAq3g9UpD7mjxJxhk23","total_amount":15000,"status":"Completed","transaction_id":"EcgdCAnmhaxuvk2ibndD38","fee":450,"refunded":false}
cURL Error: 
HTTP Code: 200
Response: {"pidx":"VgMFAq3g9UpD7mjxJxhk23","total_amount":15000,"status":"Completed","transaction_id":"EcgdCAnmhaxuvk2ibndD38","fee":450,"refunded":false}
cURL Error: 
HTTP Code: 200
Response: {"pidx":"VgMFAq3g9UpD7mjxJxhk23","total_amount":15000,"status":"Completed","transaction_id":"EcgdCAnmhaxuvk2ibndD38","fee":450,"refunded":false}
cURL Error: 
HTTP Code: 200
Response: {"pidx":"3UXT3irqBoWs7ByuB8cY9m","total_amount":970000,"status":"Completed","transaction_id":"brsVcdoTPB86TZ7bwsWMFj","fee":0,"refunded":false}
cURL Error: 
HTTP Code: 200
Response: {"pidx":"TAYWTaYKdzQYBQxmb4Fung","total_amount":50000,"status":"Completed","transaction_id":"TZotUmFiD8SPnJsHaVZ9an","fee":1500,"refunded":false}
cURL Error: 
HTTP Code: 200
Response: {"pidx":"bibRBjc6dmo4eusmcmEGhP","total_amount":100000,"status":"Completed","transaction_id":"RXkdcFXBYuYxGR2urXZriQ","fee":3000,"refunded":false}
cURL Error: 
HTTP Code: 200
Response: {"pidx":"Yx4wrmawjKggb2Ht9npztR","total_amount":15000,"status":"Completed","transaction_id":"HYyWwbxVHU6fGPL8WfkYem","fee":450,"refunded":false}
cURL Error: 
